28-02-2022 10:54:38     [DASucursal.cs]     [DAListarSucursal]
==>> No se ha inicializado la propiedad ConnectionString.
28-02-2022 10:54:38     [frmUsuario]     [pCargarSucursal]
==>> No se ha inicializado la propiedad ConnectionString.
28-02-2022 10:57:23     [DAAcceso.svc]     [DAValidarIngreso]
==>> Antes de llamr - ValidaUsuarioClaveDominio 
28-02-2022 10:57:26     [DAAcceso.svc]     [fnAccederSistema]
==>> Antes de verificar usuario y clavePEDRO
28-02-2022 10:57:26     [DAAcceso.svc]     [fnAccederSistema]
==>> Despues de acceder verificar usuario y clavePEDRO
28-02-2022 10:57:26     [DAAcceso.svc]     [DAValidarIngreso]
==>> Antes de llamar metodo de registro de logeo
28-02-2022 10:57:26     [DAAcceso.svc]     [DARegistrarLogueo]
==>> Antes de registrar login uspRegistrarLogueoMovil2
28-02-2022 10:57:27     [DAAcceso.svc]     [DARegistrarLogueo]
==>> Despues de registrar login uspRegistrarLogueoMovil2
28-02-2022 10:57:27     [DAAcceso.svc]     [DAValidarIngreso]
==>> OK-correcto
28-02-2022 10:57:35     [InitializationSelfService]     [TRAZA StartInitializationSeflService]
==>> Inicio de función
28-02-2022 10:57:36     [InitializationSelfService Exception: ]     [TRAZA StartInitializationSeflService]
==>> The server factory could not be located for the given input: Microsoft.Owin.Host.HttpListener
28-02-2022 10:57:36     [InitializationSelfService]     [TRAZA StartInitializationSeflService]
==>> Salida de función
28-02-2022 11:36:52     [DAAcceso.svc]     [DAValidarIngreso]
==>> Antes de llamr - ValidaUsuarioClaveDominio 
28-02-2022 11:36:52     [DAAcceso.svc]     [fnAccederSistema]
==>> Antes de verificar usuario y clavePEDRO
28-02-2022 11:36:52     [DAAcceso.svc]     [fnAccederSistema]
==>> Despues de acceder verificar usuario y clavePEDRO
28-02-2022 11:36:52     [DAAcceso.svc]     [DAValidarIngreso]
==>> Antes de llamar metodo de registro de logeo
28-02-2022 11:36:52     [DAAcceso.svc]     [DARegistrarLogueo]
==>> Antes de registrar login uspRegistrarLogueoMovil2
28-02-2022 11:36:52     [DAAcceso.svc]     [DARegistrarLogueo]
==>> Despues de registrar login uspRegistrarLogueoMovil2
28-02-2022 11:36:52     [DAAcceso.svc]     [DAValidarIngreso]
==>> OK-correcto
28-02-2022 11:37:01     [InitializationSelfService]     [TRAZA StartInitializationSeflService]
==>> Inicio de función
28-02-2022 11:37:01     [InitializationSelfService Exception: ]     [TRAZA StartInitializationSeflService]
==>> The server factory could not be located for the given input: Microsoft.Owin.Host.HttpListener
28-02-2022 11:37:01     [InitializationSelfService]     [TRAZA StartInitializationSeflService]
==>> Salida de función
28-02-2022 11:53:42     [DAAcceso.svc]     [DAValidarIngreso]
==>> Antes de llamr - ValidaUsuarioClaveDominio 
28-02-2022 11:53:42     [DAAcceso.svc]     [fnAccederSistema]
==>> Antes de verificar usuario y clavePEDRO
28-02-2022 11:53:42     [DAAcceso.svc]     [fnAccederSistema]
==>> Despues de acceder verificar usuario y clavePEDRO
28-02-2022 11:53:42     [DAAcceso.svc]     [DAValidarIngreso]
==>> Antes de llamar metodo de registro de logeo
28-02-2022 11:53:42     [DAAcceso.svc]     [DARegistrarLogueo]
==>> Antes de registrar login uspRegistrarLogueoMovil2
28-02-2022 11:53:42     [DAAcceso.svc]     [DARegistrarLogueo]
==>> Despues de registrar login uspRegistrarLogueoMovil2
28-02-2022 11:53:42     [DAAcceso.svc]     [DAValidarIngreso]
==>> OK-correcto
28-02-2022 11:53:50     [InitializationSelfService]     [TRAZA StartInitializationSeflService]
==>> Inicio de función
28-02-2022 11:53:50     [InitializationSelfService Exception: ]     [TRAZA StartInitializationSeflService]
==>> The server factory could not be located for the given input: Microsoft.Owin.Host.HttpListener
28-02-2022 11:53:50     [InitializationSelfService]     [TRAZA StartInitializationSeflService]
==>> Salida de función
28-02-2022 11:54:06     [DADocumentoVenta.cs]     [daReporteVenta]
==>> Invalid column name 'idVenta'.
Invalid column name 'idLote'.
Invalid column name 'idUnidadMedida'.
Invalid column name 'idUnidadMedida'.
Invalid column name 'idUnidadMedida'.
Invalid column name 'PrecioCompra'.
Invalid column name 'PrecioVenta'.
Invalid column name 'idUnidadMedida'.
Invalid column name 'PrecioVenta'.
Invalid column name 'mDescuento'.
Invalid column name 'PrecioVenta'.
Invalid column name 'PrecioVenta'.
Invalid column name 'mDescuento'.
Invalid column name 'PrecioVenta'.
Invalid column name 'idDocumento'.
Invalid column name 'cFlag'.
Invalid column name 'idOperacion'.
Invalid column name 'idOperacion'.
Invalid column name 'nMontoTran'.
Invalid column name 'idUnidadMedida'.
Invalid column name 'PrecioVenta'.
Invalid column name 'mDescuento'.
Invalid column name 'PrecioVenta'.
Invalid column name 'PrecioCompra'.
Invalid column name 'PrecioVenta'.
Invalid column name 'mDescuento'.
Invalid column name 'PrecioVenta'.
Invalid column name 'PrecioCompra'.
Invalid column name 'idUnidadMedida'.
Invalid column name 'PrecioVenta'.
Invalid column name 'mDescuento'.
Invalid column name 'PrecioVenta'.
Invalid column name 'PrecioCompra'.
Invalid column name 'PrecioCompra'.
Invalid column name 'PrecioVenta'.
Invalid column name 'mDescuento'.
Invalid column name 'PrecioVenta'.
Invalid column name 'PrecioCompra'.
Invalid column name 'PrecioCompra'.
Invalid column name 'idDocumento'.
Invalid column name 'cFlag'.
Invalid column name 'idOperacion'.
Invalid column name 'idOperacion'.
Invalid column name 'nMontoTran'.
Invalid column name 'idDocumento'.
Invalid column name 'cFlag'.
Invalid column name 'idOperacion'.
Invalid column name 'idOperacion'.
Invalid column name 'nMontoTran'.
28-02-2022 11:54:06     [frmReporteVenta]     [fnReportarVenta]
==>> Invalid column name 'idVenta'.
Invalid column name 'idLote'.
Invalid column name 'idUnidadMedida'.
Invalid column name 'idUnidadMedida'.
Invalid column name 'idUnidadMedida'.
Invalid column name 'PrecioCompra'.
Invalid column name 'PrecioVenta'.
Invalid column name 'idUnidadMedida'.
Invalid column name 'PrecioVenta'.
Invalid column name 'mDescuento'.
Invalid column name 'PrecioVenta'.
Invalid column name 'PrecioVenta'.
Invalid column name 'mDescuento'.
Invalid column name 'PrecioVenta'.
Invalid column name 'idDocumento'.
Invalid column name 'cFlag'.
Invalid column name 'idOperacion'.
Invalid column name 'idOperacion'.
Invalid column name 'nMontoTran'.
Invalid column name 'idUnidadMedida'.
Invalid column name 'PrecioVenta'.
Invalid column name 'mDescuento'.
Invalid column name 'PrecioVenta'.
Invalid column name 'PrecioCompra'.
Invalid column name 'PrecioVenta'.
Invalid column name 'mDescuento'.
Invalid column name 'PrecioVenta'.
Invalid column name 'PrecioCompra'.
Invalid column name 'idUnidadMedida'.
Invalid column name 'PrecioVenta'.
Invalid column name 'mDescuento'.
Invalid column name 'PrecioVenta'.
Invalid column name 'PrecioCompra'.
Invalid column name 'PrecioCompra'.
Invalid column name 'PrecioVenta'.
Invalid column name 'mDescuento'.
Invalid column name 'PrecioVenta'.
Invalid column name 'PrecioCompra'.
Invalid column name 'PrecioCompra'.
Invalid column name 'idDocumento'.
Invalid column name 'cFlag'.
Invalid column name 'idOperacion'.
Invalid column name 'idOperacion'.
Invalid column name 'nMontoTran'.
Invalid column name 'idDocumento'.
Invalid column name 'cFlag'.
Invalid column name 'idOperacion'.
Invalid column name 'idOperacion'.
Invalid column name 'nMontoTran'.
28-02-2022 12:02:04     [MDIParent1]     [treeView1_DoubleClick]
==>> No hay ninguna fila en la posición 0.
28-02-2022 12:29:33     [DAAcceso.svc]     [DAValidarIngreso]
==>> Antes de llamr - ValidaUsuarioClaveDominio 
28-02-2022 12:29:33     [DAAcceso.svc]     [fnAccederSistema]
==>> Antes de verificar usuario y clavePEDRO
28-02-2022 12:29:33     [DAAcceso.svc]     [fnAccederSistema]
==>> Despues de acceder verificar usuario y clavePEDRO
28-02-2022 12:29:33     [DAAcceso.svc]     [DAValidarIngreso]
==>> Antes de llamar metodo de registro de logeo
28-02-2022 12:29:33     [DAAcceso.svc]     [DARegistrarLogueo]
==>> Antes de registrar login uspRegistrarLogueoMovil2
28-02-2022 12:29:34     [DAAcceso.svc]     [DARegistrarLogueo]
==>> Despues de registrar login uspRegistrarLogueoMovil2
28-02-2022 12:29:34     [DAAcceso.svc]     [DAValidarIngreso]
==>> OK-correcto
28-02-2022 12:29:42     [InitializationSelfService]     [TRAZA StartInitializationSeflService]
==>> Inicio de función
28-02-2022 12:29:42     [InitializationSelfService Exception: ]     [TRAZA StartInitializationSeflService]
==>> The server factory could not be located for the given input: Microsoft.Owin.Host.HttpListener
28-02-2022 12:29:42     [InitializationSelfService]     [TRAZA StartInitializationSeflService]
==>> Salida de función
28-02-2022 12:35:35     [DAAcceso.svc]     [DAValidarIngreso]
==>> Antes de llamr - ValidaUsuarioClaveDominio 
28-02-2022 12:35:35     [DAAcceso.svc]     [fnAccederSistema]
==>> Antes de verificar usuario y clavePEDRO
28-02-2022 12:35:35     [DAAcceso.svc]     [fnAccederSistema]
==>> Despues de acceder verificar usuario y clavePEDRO
28-02-2022 12:35:35     [DAAcceso.svc]     [DAValidarIngreso]
==>> Antes de llamar metodo de registro de logeo
28-02-2022 12:35:35     [DAAcceso.svc]     [DARegistrarLogueo]
==>> Antes de registrar login uspRegistrarLogueoMovil2
28-02-2022 12:35:36     [DAAcceso.svc]     [DARegistrarLogueo]
==>> Despues de registrar login uspRegistrarLogueoMovil2
28-02-2022 12:35:36     [DAAcceso.svc]     [DAValidarIngreso]
==>> OK-correcto
28-02-2022 12:35:43     [InitializationSelfService]     [TRAZA StartInitializationSeflService]
==>> Inicio de función
28-02-2022 12:35:43     [InitializationSelfService Exception: ]     [TRAZA StartInitializationSeflService]
==>> The server factory could not be located for the given input: Microsoft.Owin.Host.HttpListener
28-02-2022 12:35:43     [InitializationSelfService]     [TRAZA StartInitializationSeflService]
==>> Salida de función
28-02-2022 12:37:02     [MDIParent1]     [treeView1_DoubleClick]
==>> No hay ninguna fila en la posición 0.
28-02-2022 12:39:10     [DAAcceso.svc]     [DAValidarIngreso]
==>> Antes de llamr - ValidaUsuarioClaveDominio 
28-02-2022 12:39:10     [DAAcceso.svc]     [fnAccederSistema]
==>> Antes de verificar usuario y clavePEDRO
28-02-2022 12:39:10     [DAAcceso.svc]     [fnAccederSistema]
==>> Despues de acceder verificar usuario y clavePEDRO
28-02-2022 12:39:10     [DAAcceso.svc]     [DAValidarIngreso]
==>> Antes de llamar metodo de registro de logeo
28-02-2022 12:39:10     [DAAcceso.svc]     [DARegistrarLogueo]
==>> Antes de registrar login uspRegistrarLogueoMovil2
28-02-2022 12:39:11     [DAAcceso.svc]     [DARegistrarLogueo]
==>> Despues de registrar login uspRegistrarLogueoMovil2
28-02-2022 12:39:11     [DAAcceso.svc]     [DAValidarIngreso]
==>> OK-correcto
28-02-2022 12:39:18     [InitializationSelfService]     [TRAZA StartInitializationSeflService]
==>> Inicio de función
28-02-2022 12:39:19     [InitializationSelfService Exception: ]     [TRAZA StartInitializationSeflService]
==>> The server factory could not be located for the given input: Microsoft.Owin.Host.HttpListener
28-02-2022 12:39:19     [InitializationSelfService]     [TRAZA StartInitializationSeflService]
==>> Salida de función
28-02-2022 12:45:40     [DAAcceso.svc]     [DAValidarIngreso]
==>> Antes de llamr - ValidaUsuarioClaveDominio 
28-02-2022 12:45:40     [DAAcceso.svc]     [fnAccederSistema]
==>> Antes de verificar usuario y clavePEDRO
28-02-2022 12:45:40     [DAAcceso.svc]     [fnAccederSistema]
==>> Despues de acceder verificar usuario y clavePEDRO
28-02-2022 12:45:40     [DAAcceso.svc]     [DAValidarIngreso]
==>> Antes de llamar metodo de registro de logeo
28-02-2022 12:45:40     [DAAcceso.svc]     [DARegistrarLogueo]
==>> Antes de registrar login uspRegistrarLogueoMovil2
28-02-2022 12:45:41     [DAAcceso.svc]     [DARegistrarLogueo]
==>> Despues de registrar login uspRegistrarLogueoMovil2
28-02-2022 12:45:41     [DAAcceso.svc]     [DAValidarIngreso]
==>> OK-correcto
28-02-2022 12:45:48     [InitializationSelfService]     [TRAZA StartInitializationSeflService]
==>> Inicio de función
28-02-2022 12:45:49     [InitializationSelfService Exception: ]     [TRAZA StartInitializationSeflService]
==>> The server factory could not be located for the given input: Microsoft.Owin.Host.HttpListener
28-02-2022 12:45:49     [InitializationSelfService]     [TRAZA StartInitializationSeflService]
==>> Salida de función
28-02-2022 12:58:38     [DAAcceso.svc]     [DAValidarIngreso]
==>> Antes de llamr - ValidaUsuarioClaveDominio 
28-02-2022 12:58:38     [DAAcceso.svc]     [fnAccederSistema]
==>> Antes de verificar usuario y clavePEDRO
28-02-2022 12:58:38     [DAAcceso.svc]     [fnAccederSistema]
==>> Despues de acceder verificar usuario y clavePEDRO
28-02-2022 12:58:38     [DAAcceso.svc]     [DAValidarIngreso]
==>> Antes de llamar metodo de registro de logeo
28-02-2022 12:58:38     [DAAcceso.svc]     [DARegistrarLogueo]
==>> Antes de registrar login uspRegistrarLogueoMovil2
28-02-2022 12:58:38     [DAAcceso.svc]     [DARegistrarLogueo]
==>> Despues de registrar login uspRegistrarLogueoMovil2
28-02-2022 12:58:38     [DAAcceso.svc]     [DAValidarIngreso]
==>> OK-correcto
28-02-2022 12:58:46     [InitializationSelfService]     [TRAZA StartInitializationSeflService]
==>> Inicio de función
28-02-2022 12:58:46     [InitializationSelfService Exception: ]     [TRAZA StartInitializationSeflService]
==>> The server factory could not be located for the given input: Microsoft.Owin.Host.HttpListener
28-02-2022 12:58:46     [InitializationSelfService]     [TRAZA StartInitializationSeflService]
==>> Salida de función
28-02-2022 13:38:18     [DAAcceso.svc]     [DAValidarIngreso]
==>> Antes de llamr - ValidaUsuarioClaveDominio 
28-02-2022 13:38:18     [DAAcceso.svc]     [fnAccederSistema]
==>> Antes de verificar usuario y clavePEDRO
28-02-2022 13:38:18     [DAAcceso.svc]     [fnAccederSistema]
==>> Despues de acceder verificar usuario y clavePEDRO
28-02-2022 13:38:18     [DAAcceso.svc]     [DAValidarIngreso]
==>> Antes de llamar metodo de registro de logeo
28-02-2022 13:38:18     [DAAcceso.svc]     [DARegistrarLogueo]
==>> Antes de registrar login uspRegistrarLogueoMovil2
28-02-2022 13:38:19     [DAAcceso.svc]     [DARegistrarLogueo]
==>> Despues de registrar login uspRegistrarLogueoMovil2
28-02-2022 13:38:19     [DAAcceso.svc]     [DAValidarIngreso]
==>> OK-correcto
28-02-2022 13:38:26     [InitializationSelfService]     [TRAZA StartInitializationSeflService]
==>> Inicio de función
28-02-2022 13:38:27     [InitializationSelfService Exception: ]     [TRAZA StartInitializationSeflService]
==>> The server factory could not be located for the given input: Microsoft.Owin.Host.HttpListener
28-02-2022 13:38:27     [InitializationSelfService]     [TRAZA StartInitializationSeflService]
==>> Salida de función
28-02-2022 13:43:56     [DAAcceso.svc]     [DAValidarIngreso]
==>> Antes de llamr - ValidaUsuarioClaveDominio 
28-02-2022 13:43:56     [DAAcceso.svc]     [fnAccederSistema]
==>> Antes de verificar usuario y clavePEDRO
28-02-2022 13:43:56     [DAAcceso.svc]     [fnAccederSistema]
==>> Despues de acceder verificar usuario y clavePEDRO
28-02-2022 13:43:56     [DAAcceso.svc]     [DAValidarIngreso]
==>> Antes de llamar metodo de registro de logeo
28-02-2022 13:43:56     [DAAcceso.svc]     [DARegistrarLogueo]
==>> Antes de registrar login uspRegistrarLogueoMovil2
28-02-2022 13:43:57     [DAAcceso.svc]     [DARegistrarLogueo]
==>> Despues de registrar login uspRegistrarLogueoMovil2
28-02-2022 13:43:57     [DAAcceso.svc]     [DAValidarIngreso]
==>> OK-correcto
28-02-2022 13:44:05     [InitializationSelfService]     [TRAZA StartInitializationSeflService]
==>> Inicio de función
28-02-2022 13:44:05     [InitializationSelfService Exception: ]     [TRAZA StartInitializationSeflService]
==>> The server factory could not be located for the given input: Microsoft.Owin.Host.HttpListener
28-02-2022 13:44:05     [InitializationSelfService]     [TRAZA StartInitializationSeflService]
==>> Salida de función
